{"C:\\Users\\arthu\\OneDrive\\Área de Trabalho\\ws_pessoal\\DH\\CTD\\Quarto Bimestre\\Testing I\\Aula-15\\calc\\calc.js": {"path":"C:\\Users\\arthu\\OneDrive\\Área de Trabalho\\ws_pessoal\\DH\\CTD\\Quarto Bimestre\\Testing I\\Aula-15\\calc\\calc.js","statementMap":{"0":{"start":{"line":2,"column":4},"end":{"line":2,"column":15}},"1":{"start":{"line":6,"column":4},"end":{"line":6,"column":15}},"2":{"start":{"line":10,"column":4},"end":{"line":10,"column":15}},"3":{"start":{"line":14,"column":4},"end":{"line":14,"column":15}},"4":{"start":{"line":17,"column":2},"end":{"line":17,"column":61}}},"fnMap":{"0":{"name":"soma","decl":{"start":{"line":1,"column":9},"end":{"line":1,"column":13}},"loc":{"start":{"line":1,"column":18},"end":{"line":3,"column":3}},"line":1},"1":{"name":"subtracao","decl":{"start":{"line":5,"column":11},"end":{"line":5,"column":20}},"loc":{"start":{"line":5,"column":25},"end":{"line":7,"column":3}},"line":5},"2":{"name":"multiplicacao","decl":{"start":{"line":9,"column":11},"end":{"line":9,"column":24}},"loc":{"start":{"line":9,"column":29},"end":{"line":11,"column":3}},"line":9},"3":{"name":"divisao","decl":{"start":{"line":13,"column":11},"end":{"line":13,"column":18}},"loc":{"start":{"line":13,"column":23},"end":{"line":15,"column":3}},"line":13}},"branchMap":{},"s":{"0":4,"1":5,"2":1,"3":4,"4":4},"f":{"0":4,"1":5,"2":1,"3":4},"b":{},"_coverageSchema":"1a1c01bbd47fc00a2c39e90264f33305004495a9","hash":"b521c3b24b4e8cd757f14826939bb5a1112c106f"}
}
