<?xml version="1.0" encoding="UTF-8"?>
<robot generator="Robot 5.0.1 (Python 3.10.2 on win32)" generated="20220712 23:03:19.588" rpa="false" schemaversion="3">
<suite id="s1" name="Hurb" source="C:\Users\arthu\OneDrive\Área de Trabalho\ws_pessoal\DH\CTD\Quarto Bimestre\Testing I\checkpointII\Hurb.robot">
<test id="s1-t1" name="Processo de reserva de pacote de viagens" line="7">
<kw name="Acessar o site" library="Hurb">
<kw name="Open Browser" library="SeleniumLibrary">
<arg>${SITE}</arg>
<arg>${NAVEGADOR}</arg>
<doc>Opens a new browser instance to the optional ``url``.</doc>
<msg timestamp="20220712 23:03:20.689" level="INFO">Opening browser 'Chrome' to base url 'https://hurb.com/br'.</msg>
<status status="PASS" starttime="20220712 23:03:20.687" endtime="20220712 23:03:30.656"/>
</kw>
<kw name="Maximize Browser Window" library="SeleniumLibrary">
<doc>Maximizes current browser window.</doc>
<status status="PASS" starttime="20220712 23:03:30.656" endtime="20220712 23:03:30.874"/>
</kw>
<kw name="Set Selenium Speed" library="SeleniumLibrary">
<arg>0.5</arg>
<doc>Sets the delay that is waited after each Selenium command.</doc>
<status status="PASS" starttime="20220712 23:03:30.874" endtime="20220712 23:03:30.875"/>
</kw>
<status status="PASS" starttime="20220712 23:03:20.686" endtime="20220712 23:03:30.876"/>
</kw>
<kw name="Permitir todos os cookies" library="Hurb">
<kw name="Sleep" library="BuiltIn">
<arg>5</arg>
<doc>Pauses the test executed for the given time.</doc>
<msg timestamp="20220712 23:03:35.889" level="INFO">Slept 5 seconds</msg>
<status status="PASS" starttime="20220712 23:03:30.880" endtime="20220712 23:03:35.889"/>
</kw>
<kw name="Click Element" library="SeleniumLibrary">
<arg>${BOTAO_COKIES}</arg>
<doc>Click the element identified by ``locator``.</doc>
<msg timestamp="20220712 23:03:35.893" level="INFO">Clicking element 'css=#CybotCookiebotDialogBodyLevelButtonLevelOptinAllowAll'.</msg>
<status status="PASS" starttime="20220712 23:03:35.890" endtime="20220712 23:03:37.121"/>
</kw>
<status status="PASS" starttime="20220712 23:03:30.878" endtime="20220712 23:03:37.122"/>
</kw>
<kw name="Selecionar a opção “Pacotes”" library="Hurb">
<kw name="Click Element" library="SeleniumLibrary">
<arg>${BOTAO_PACOTES}</arg>
<doc>Click the element identified by ``locator``.</doc>
<msg timestamp="20220712 23:03:37.125" level="INFO">Clicking element 'xpath=//*[@id="__next"]/div[1]/div[2]/div/div/div[1]/div/div/button[2]'.</msg>
<status status="PASS" starttime="20220712 23:03:37.124" endtime="20220712 23:03:38.660"/>
</kw>
<status status="PASS" starttime="20220712 23:03:37.123" endtime="20220712 23:03:38.661"/>
</kw>
<kw name="Buscar Buenos Aires e clicar em “Pesquisar”" library="Hurb">
<kw name="Input Text" library="SeleniumLibrary">
<arg>${CAMPO_PESQUISA}</arg>
<arg>${CIDADE}</arg>
<doc>Types the given ``text`` into the text field identified by ``locator``.</doc>
<msg timestamp="20220712 23:03:38.665" level="INFO">Typing text 'Buenos Aires' into text field 'css=#destination-input'.</msg>
<status status="PASS" starttime="20220712 23:03:38.663" endtime="20220712 23:03:40.884"/>
</kw>
<status status="PASS" starttime="20220712 23:03:38.662" endtime="20220712 23:03:40.885"/>
</kw>
<kw name="Selecionar pacote de viagem" library="Hurb">
<kw name="Click Element" library="SeleniumLibrary">
<arg>${PACOTE}</arg>
<doc>Click the element identified by ``locator``.</doc>
<msg timestamp="20220712 23:03:40.889" level="INFO">Clicking element 'css=#h-1pez0jj'.</msg>
<msg timestamp="20220712 23:03:43.471" level="INFO" html="true">&lt;/td&gt;&lt;/tr&gt;&lt;tr&gt;&lt;td colspan="3"&gt;&lt;a href="selenium-screenshot-5.png"&gt;&lt;img src="selenium-screenshot-5.png" width="800px"&gt;&lt;/a&gt;</msg>
<msg timestamp="20220712 23:03:43.473" level="FAIL">Element with locator 'css=#h-1pez0jj' not found.</msg>
<status status="FAIL" starttime="20220712 23:03:40.888" endtime="20220712 23:03:43.478"/>
</kw>
<kw name="Sleep" library="BuiltIn">
<arg>5</arg>
<doc>Pauses the test executed for the given time.</doc>
<status status="NOT RUN" starttime="20220712 23:03:43.479" endtime="20220712 23:03:43.480"/>
</kw>
<kw name="Switch Window" library="SeleniumLibrary">
<arg>NEW</arg>
<doc>Switches to browser window matching ``locator``.</doc>
<status status="NOT RUN" starttime="20220712 23:03:43.480" endtime="20220712 23:03:43.480"/>
</kw>
<status status="FAIL" starttime="20220712 23:03:40.886" endtime="20220712 23:03:43.482"/>
</kw>
<kw name="Escolher pacote" library="Hurb">
<status status="NOT RUN" starttime="20220712 23:03:43.484" endtime="20220712 23:03:43.484"/>
</kw>
<kw name="Pagina pagamento" library="Hurb">
<status status="NOT RUN" starttime="20220712 23:03:43.485" endtime="20220712 23:03:43.485"/>
</kw>
<kw name="Close Browser" library="SeleniumLibrary" type="TEARDOWN">
<doc>Closes the current browser.</doc>
<status status="PASS" starttime="20220712 23:03:43.488" endtime="20220712 23:03:46.941"/>
</kw>
<status status="FAIL" starttime="20220712 23:03:20.682" endtime="20220712 23:03:46.944">Element with locator 'css=#h-1pez0jj' not found.</status>
</test>
<status status="FAIL" starttime="20220712 23:03:19.594" endtime="20220712 23:03:46.950"/>
</suite>
<statistics>
<total>
<stat pass="0" fail="1" skip="0">All Tests</stat>
</total>
<tag>
</tag>
<suite>
<stat pass="0" fail="1" skip="0" id="s1" name="Hurb">Hurb</stat>
</suite>
</statistics>
<errors>
</errors>
</robot>
