<?xml version="1.0" encoding="UTF-8"?>
<robot generator="Robot 5.0.1 (Python 3.10.2 on win32)" generated="20220705 22:44:40.356" rpa="false" schemaversion="3">
<suite id="s1" name="Arthur" source="C:\Users\arthu\OneDrive\Área de Trabalho\ws_pessoal\DH\CTD\Quarto Bimestre\Testing I\Aula-23\arthur.robot">
<test id="s1-t1" name="Processo de compra na loja Sauce Demo" line="7">
<kw name="Acessar o site" library="arthur">
<kw name="Open Browser" library="SeleniumLibrary">
<arg>${SITE}</arg>
<arg>${NAVEGADOR}</arg>
<doc>Opens a new browser instance to the optional ``url``.</doc>
<msg timestamp="20220705 22:44:41.334" level="INFO">Opening browser 'Chrome' to base url 'https://www.saucedemo.com'.</msg>
<status status="PASS" starttime="20220705 22:44:41.332" endtime="20220705 22:44:46.075"/>
</kw>
<kw name="Maximize Browser Window" library="SeleniumLibrary">
<doc>Maximizes current browser window.</doc>
<status status="PASS" starttime="20220705 22:44:46.075" endtime="20220705 22:44:46.267"/>
</kw>
<kw name="Set Selenium Speed" library="SeleniumLibrary">
<arg>0.5</arg>
<doc>Sets the delay that is waited after each Selenium command.</doc>
<status status="PASS" starttime="20220705 22:44:46.268" endtime="20220705 22:44:46.270"/>
</kw>
<status status="PASS" starttime="20220705 22:44:41.330" endtime="20220705 22:44:46.271"/>
</kw>
<kw name="Fazer login" library="arthur">
<kw name="Input Text" library="SeleniumLibrary">
<arg>${CAMPO_USUARIO}</arg>
<arg>${USUARIO}</arg>
<doc>Types the given ``text`` into the text field identified by ``locator``.</doc>
<msg timestamp="20220705 22:44:46.279" level="INFO">Typing text 'standard_user' into text field 'css=#user-name'.</msg>
<status status="PASS" starttime="20220705 22:44:46.275" endtime="20220705 22:44:48.207"/>
</kw>
<kw name="Input Text" library="SeleniumLibrary">
<arg>${CAMPO_SENHA}</arg>
<arg>${SENHA}</arg>
<doc>Types the given ``text`` into the text field identified by ``locator``.</doc>
<msg timestamp="20220705 22:44:48.210" level="INFO">Typing text 'secret_sauce' into text field 'css=#password'.</msg>
<status status="PASS" starttime="20220705 22:44:48.208" endtime="20220705 22:44:50.106"/>
</kw>
<kw name="Click Element" library="SeleniumLibrary">
<arg>${BOTAO_LOGIN}</arg>
<doc>Click the element identified by ``locator``.</doc>
<msg timestamp="20220705 22:44:50.108" level="INFO">Clicking element 'css=#login-button'.</msg>
<status status="PASS" starttime="20220705 22:44:50.107" endtime="20220705 22:44:51.599"/>
</kw>
<status status="PASS" starttime="20220705 22:44:46.273" endtime="20220705 22:44:51.600"/>
</kw>
<kw name="Adicionar um produto ao carrinho" library="arthur">
<kw name="Click Element" library="SeleniumLibrary">
<arg>${ADICIONAR_CARRINHO}</arg>
<doc>Click the element identified by ``locator``.</doc>
<msg timestamp="20220705 22:44:51.605" level="INFO">Clicking element 'css=#add-to-cart-sauce-labs-backpack'.</msg>
<status status="PASS" starttime="20220705 22:44:51.603" endtime="20220705 22:44:52.826"/>
</kw>
<status status="PASS" starttime="20220705 22:44:51.602" endtime="20220705 22:44:52.827"/>
</kw>
<kw name="Acessar o carrinho" library="arthur">
<kw name="Click Element" library="SeleniumLibrary">
<arg>${CARRINHO}</arg>
<doc>Click the element identified by ``locator``.</doc>
<msg timestamp="20220705 22:44:52.834" level="INFO">Clicking element 'css=#shopping_cart_container'.</msg>
<status status="PASS" starttime="20220705 22:44:52.830" endtime="20220705 22:44:54.047"/>
</kw>
<status status="PASS" starttime="20220705 22:44:52.829" endtime="20220705 22:44:54.048"/>
</kw>
<kw name="Clicar em checkout" library="arthur">
<kw name="Click Element" library="SeleniumLibrary">
<arg>${CHECKOUT}</arg>
<doc>Click the element identified by ``locator``.</doc>
<msg timestamp="20220705 22:44:54.052" level="INFO">Clicking element 'css=#checkout'.</msg>
<status status="PASS" starttime="20220705 22:44:54.051" endtime="20220705 22:44:55.216"/>
</kw>
<status status="PASS" starttime="20220705 22:44:54.050" endtime="20220705 22:44:55.217"/>
</kw>
<kw name="Preencher dados do usuario" library="arthur">
<kw name="Input Text" library="SeleniumLibrary">
<arg>${CAMPO_NOME}</arg>
<arg>${USER_NOME}</arg>
<doc>Types the given ``text`` into the text field identified by ``locator``.</doc>
<msg timestamp="20220705 22:44:55.221" level="INFO">Typing text 'Arthur' into text field 'css=#first-name'.</msg>
<status status="PASS" starttime="20220705 22:44:55.220" endtime="20220705 22:44:57.074"/>
</kw>
<kw name="Input Text" library="SeleniumLibrary">
<arg>${CAMPO_SOBRENOME}</arg>
<arg>${USER_SOBRENOME}</arg>
<doc>Types the given ``text`` into the text field identified by ``locator``.</doc>
<msg timestamp="20220705 22:44:57.076" level="INFO">Typing text 'Campolina' into text field 'css=#last-name'.</msg>
<status status="PASS" starttime="20220705 22:44:57.075" endtime="20220705 22:44:58.931"/>
</kw>
<kw name="Input Text" library="SeleniumLibrary">
<arg>${CAMPO_CEP}</arg>
<arg>${USER_CEP}</arg>
<doc>Types the given ``text`` into the text field identified by ``locator``.</doc>
<msg timestamp="20220705 22:44:58.933" level="INFO">Typing text '31270540' into text field 'css=#postal-code'.</msg>
<status status="PASS" starttime="20220705 22:44:58.931" endtime="20220705 22:45:00.802"/>
</kw>
<kw name="Click Element" library="SeleniumLibrary">
<arg>${CONTINUE_BUTTON}</arg>
<doc>Click the element identified by ``locator``.</doc>
<msg timestamp="20220705 22:45:00.804" level="INFO">Clicking element 'css=#continue'.</msg>
<status status="PASS" starttime="20220705 22:45:00.803" endtime="20220705 22:45:02.065"/>
</kw>
<status status="PASS" starttime="20220705 22:44:55.218" endtime="20220705 22:45:02.067"/>
</kw>
<kw name="Close Browser" library="SeleniumLibrary" type="TEARDOWN">
<doc>Closes the current browser.</doc>
<status status="PASS" starttime="20220705 22:45:02.070" endtime="20220705 22:45:04.864"/>
</kw>
<status status="PASS" starttime="20220705 22:44:41.325" endtime="20220705 22:45:04.865"/>
</test>
<status status="PASS" starttime="20220705 22:44:40.362" endtime="20220705 22:45:04.871"/>
</suite>
<statistics>
<total>
<stat pass="1" fail="0" skip="0">All Tests</stat>
</total>
<tag>
</tag>
<suite>
<stat pass="1" fail="0" skip="0" id="s1" name="Arthur">Arthur</stat>
</suite>
</statistics>
<errors>
</errors>
</robot>
